<?xml version="1.0" encoding="UTF-8"?>
<!-- Generated by org.testng.reporters.JUnitReportReporter -->
<testsuite skipped="1" hostname="DESKTOP-ATOQJFI" name="com.atmecs.blazedemo.testscript.LoginTest" tests="1" failures="0" timestamp="2020-09-30T01:24:01 PDT" time="0.000" errors="0">
  <testcase name="LoginDetails" time="0.000" classname="com.atmecs.blazedemo.testscript.LoginTest">
    <skipped/>
  </testcase> <!-- LoginDetails -->
  <system-out/>
</testsuite> <!-- com.atmecs.blazedemo.testscript.LoginTest -->
